<?xml version="1.0" encoding="UTF-8"?>
<!-- Generated by org.testng.reporters.JUnitXMLReporter -->
<testsuite hostname="SvetkaPC" name="Test1" tests="5" failures="0" timestamp="11 Nov 2015 10:56:34 GMT" time="30.411" errors="0">
  <testcase name="testAddFilmNegative" time="4.247" classname="newgroup.AddFilmPositive"/>
  <testcase name="testAddFilmNegative" time="6.54" classname="newgroup.AddFilmNegative"/>
  <testcase name="testDeleteFilm" time="2.939" classname="newgroup.DeleteFilm"/>
  <testcase name="testSearchNoResults" time="1.763" classname="newgroup.SearchNoResults"/>
  <testcase name="testSearchSomeResults" time="1.86" classname="newgroup.SearchSomeResults"/>
</testsuite> <!-- Test1 -->
