<?xml version="1.0" encoding="UTF-8"?>
<!-- Generated by org.testng.reporters.JUnitXMLReporter -->
<testsuite hostname="SvetkaPC" name="Test1" tests="5" failures="0" timestamp="5 Nov 2015 21:56:44 GMT" time="19.942" errors="0">
  <testcase name="testAddFilmPositive" time="4.508" classname="newgroup.AddFilmPositive"/>
  <testcase name="testAddFilmNegative" time="0.971" classname="newgroup.AddFilmNegative"/>
  <testcase name="testDeleteFilm" time="1.739" classname="newgroup.DeleteFilm"/>
  <testcase name="testSearchNoResults" time="1.307" classname="newgroup.SearchNoResults"/>
  <testcase name="testSearchSomeResults" time="1.953" classname="newgroup.SearchSomeResults"/>
</testsuite> <!-- Test1 -->
