<?xml version="1.0" encoding="UTF-8"?>
<testng-results skipped="0" failed="0" total="1" passed="1">
  <reporter-output>
  </reporter-output>
  <suite name="Tests" duration-ms="18437" started-at="2015-10-29T22:05:06Z" finished-at="2015-10-29T22:05:25Z">
    <groups>
    </groups>
    <test name="Test1" duration-ms="18437" started-at="2015-10-29T22:05:06Z" finished-at="2015-10-29T22:05:25Z">
      <class name="newgroup.ChangePassTest">
        <test-method status="PASS" signature="init()[pri:0, instance:newgroup.ChangePassTest@f438e]" name="init" is-config="true" duration-ms="7752" started-at="2015-10-30T00:05:06Z" finished-at="2015-10-30T00:05:14Z">
          <reporter-output>
          </reporter-output>
        </test-method> <!-- init -->
        <test-method status="PASS" signature="testChangePass()[pri:0, instance:newgroup.ChangePassTest@f438e]" name="testChangePass" duration-ms="8999" started-at="2015-10-30T00:05:14Z" finished-at="2015-10-30T00:05:23Z">
          <reporter-output>
          </reporter-output>
        </test-method> <!-- testChangePass -->
        <test-method status="PASS" signature="afterChangePass()[pri:0, instance:newgroup.ChangePassTest@f438e]" name="afterChangePass" is-config="true" duration-ms="1676" started-at="2015-10-30T00:05:23Z" finished-at="2015-10-30T00:05:25Z">
          <reporter-output>
          </reporter-output>
        </test-method> <!-- afterChangePass -->
        <test-method status="PASS" signature="tearDown()[pri:0, instance:newgroup.ChangePassTest@f438e]" name="tearDown" is-config="true" duration-ms="5857" started-at="2015-10-30T00:05:25Z" finished-at="2015-10-30T00:05:31Z">
          <reporter-output>
          </reporter-output>
        </test-method> <!-- tearDown -->
      </class> <!-- newgroup.ChangePassTest -->
    </test> <!-- Test1 -->
  </suite> <!-- Tests -->
</testng-results>
