<?xml version="1.0" encoding="UTF-8"?>
<testng-results skipped="0" failed="0" total="1" passed="1">
  <reporter-output>
  </reporter-output>
  <suite name="Default suite" duration-ms="11600" started-at="2015-11-11T12:27:26Z" finished-at="2015-11-11T12:27:38Z">
    <groups>
    </groups>
    <test name="Default test" duration-ms="11600" started-at="2015-11-11T12:27:26Z" finished-at="2015-11-11T12:27:38Z">
      <class name="newgroup.SearchSomeResults">
        <test-method status="PASS" signature="init()[pri:0, instance:newgroup.SearchSomeResults@f10a6f]" name="init" is-config="true" duration-ms="9148" started-at="2015-11-11T14:27:26Z" finished-at="2015-11-11T14:27:36Z">
          <reporter-output>
          </reporter-output>
        </test-method> <!-- init -->
        <test-method status="PASS" signature="mayBeLogout()[pri:0, instance:newgroup.SearchSomeResults@f10a6f]" name="mayBeLogout" is-config="true" duration-ms="40" started-at="2015-11-11T14:27:36Z" finished-at="2015-11-11T14:27:36Z">
          <reporter-output>
          </reporter-output>
        </test-method> <!-- mayBeLogout -->
        <test-method status="PASS" signature="testSearchSomeResults()[pri:0, instance:newgroup.SearchSomeResults@f10a6f]" name="testSearchSomeResults" duration-ms="1791" started-at="2015-11-11T14:27:36Z" finished-at="2015-11-11T14:27:37Z">
          <reporter-output>
          </reporter-output>
        </test-method> <!-- testSearchSomeResults -->
        <test-method status="PASS" signature="afterAddFilmPositive()[pri:0, instance:newgroup.SearchSomeResults@f10a6f]" name="afterAddFilmPositive" is-config="true" duration-ms="602" started-at="2015-11-11T14:27:37Z" finished-at="2015-11-11T14:27:38Z">
          <reporter-output>
          </reporter-output>
        </test-method> <!-- afterAddFilmPositive -->
        <test-method status="PASS" signature="stop()[pri:0, instance:newgroup.SearchSomeResults@f10a6f]" name="stop" is-config="true" duration-ms="1741" started-at="2015-11-11T14:27:38Z" finished-at="2015-11-11T14:27:40Z">
          <reporter-output>
          </reporter-output>
        </test-method> <!-- stop -->
      </class> <!-- newgroup.SearchSomeResults -->
    </test> <!-- Default test -->
  </suite> <!-- Default suite -->
</testng-results>
