<?xml version="1.0" encoding="UTF-8"?>
<testng-results skipped="0" failed="0" total="1" passed="1">
  <reporter-output>
  </reporter-output>
  <suite name="Default suite" duration-ms="27602" started-at="2015-11-04T12:20:57Z" finished-at="2015-11-04T12:21:25Z">
    <groups>
    </groups>
    <test name="Default test" duration-ms="27602" started-at="2015-11-04T12:20:57Z" finished-at="2015-11-04T12:21:25Z">
      <class name="newgroup.DeleteFilm">
        <test-method status="PASS" signature="init()[pri:0, instance:newgroup.DeleteFilm@9a8472]" name="init" is-config="true" duration-ms="5564" started-at="2015-11-04T14:20:57Z" finished-at="2015-11-04T14:21:03Z">
          <reporter-output>
          </reporter-output>
        </test-method> <!-- init -->
        <test-method status="PASS" signature="testDeleteFilm()[pri:0, instance:newgroup.DeleteFilm@9a8472]" name="testDeleteFilm" duration-ms="22021" started-at="2015-11-04T14:21:03Z" finished-at="2015-11-04T14:21:25Z">
          <reporter-output>
          </reporter-output>
        </test-method> <!-- testDeleteFilm -->
        <test-method status="PASS" signature="tearDown()[pri:0, instance:newgroup.DeleteFilm@9a8472]" name="tearDown" is-config="true" duration-ms="1520" started-at="2015-11-04T14:21:25Z" finished-at="2015-11-04T14:21:26Z">
          <reporter-output>
          </reporter-output>
        </test-method> <!-- tearDown -->
      </class> <!-- newgroup.DeleteFilm -->
    </test> <!-- Default test -->
  </suite> <!-- Default suite -->
</testng-results>
